<?xml version="1.0" encoding="UTF-8"?>
<!-- Generated by org.testng.reporters.JUnitXMLReporter -->
<testsuite ignored="0" hostname="MacBook-Pro.local" failures="2" tests="3" name="Test1" time="8.658" errors="0" timestamp="2021-01-19T21:56:04 EST">
  <testcase classname="p1.AssertsIntro" name="checksoftAssert" time="0.0">
    <failure type="org.testng.TestNGException" message="
Parameter &amp;apos;a&amp;apos; is required by @Test on method checksoftAssert but has not been marked @Optional or defined
in /Users/ash/git/selIntro/TestNGJan/testng.xml">
      <![CDATA[org.testng.TestNGException: 
Parameter 'a' is required by @Test on method checksoftAssert but has not been marked @Optional or defined
in /Users/ash/git/selIntro/TestNGJan/testng.xml
at java.base/java.util.concurrent.ThreadPoolExecutor.runWorker(ThreadPoolExecutor.java:1130)
at java.base/java.util.concurrent.ThreadPoolExecutor$Worker.run(ThreadPoolExecutor.java:630)
at java.base/java.lang.Thread.run(Thread.java:832)
... Removed 11 stack frames]]>
    </failure>
  </testcase> <!-- checksoftAssert -->
  <testcase classname="p1.AssertsIntro" name="setup" time="6.472"/>
  <testcase classname="p1.AssertsIntro" name="checksoftAssert" time="8.621">
    <failure type="java.lang.AssertionError" message="The following asserts failed:
	expected [Deliver] but found [Deliver to],
	did not expect [Deliver to] but found [Deliver to]">
      <![CDATA[java.lang.AssertionError: The following asserts failed:
expected [Deliver] but found [Deliver to],
did not expect [Deliver to] but found [Deliver to]
at p1.AssertsIntro.checksoftAssert(AssertsIntro.java:52)
at java.base/java.util.concurrent.ThreadPoolExecutor.runWorker(ThreadPoolExecutor.java:1130)
at java.base/java.util.concurrent.ThreadPoolExecutor$Worker.run(ThreadPoolExecutor.java:630)
at java.base/java.lang.Thread.run(Thread.java:832)
... Removed 14 stack frames]]>
    </failure>
  </testcase> <!-- checksoftAssert -->
</testsuite> <!-- Test1 -->
